0 info it worked if it ends with ok
1 verbose cli [ '/usr/bin/node', '/usr/bin/npm', 'run', 'dev' ]
2 info using npm@6.14.11
3 info using node@v10.24.0
4 verbose run-script [ 'predev', 'dev', 'postdev' ]
5 info lifecycle @~predev: @
6 info lifecycle @~dev: @
7 verbose lifecycle @~dev: unsafe-perm in lifecycle true
8 verbose lifecycle @~dev: PATH: /usr/lib/node_modules/npm/node_modules/npm-lifecycle/node-gyp-bin:/var/www/placements.bsms.ac.uk/node_modules/.bin:/home/bsms6636/.local/bin:/home/bsms6636/bin:/usr/local/bin:/usr/bin:/usr/local/sbin:/usr/sbin
9 verbose lifecycle @~dev: CWD: /var/www/placements.bsms.ac.uk
10 silly lifecycle @~dev: Args: [ '-c', 'vite' ]
11 silly lifecycle @~dev: Returned: code: 1  signal: null
12 info lifecycle @~dev: Failed to exec dev script
13 verbose stack Error: @ dev: `vite`
13 verbose stack Exit status 1
13 verbose stack     at EventEmitter.<anonymous> (/usr/lib/node_modules/npm/node_modules/npm-lifecycle/index.js:332:16)
13 verbose stack     at EventEmitter.emit (events.js:198:13)
13 verbose stack     at ChildProcess.<anonymous> (/usr/lib/node_modules/npm/node_modules/npm-lifecycle/lib/spawn.js:55:14)
13 verbose stack     at ChildProcess.emit (events.js:198:13)
13 verbose stack     at maybeClose (internal/child_process.js:982:16)
13 verbose stack     at Process.ChildProcess._handle.onexit (internal/child_process.js:259:5)
14 verbose pkgid @
15 verbose cwd /var/www/placements.bsms.ac.uk
16 verbose Linux 4.18.0-348.12.2.el8_5.x86_64
17 verbose argv "/usr/bin/node" "/usr/bin/npm" "run" "dev"
18 verbose node v10.24.0
19 verbose npm  v6.14.11
20 error code ELIFECYCLE
21 error errno 1
22 error @ dev: `vite`
22 error Exit status 1
23 error Failed at the @ dev script.
23 error This is probably not a problem with npm. There is likely additional logging output above.
24 verbose exit [ 1, true ]
